[  0%] Built target trajectory_msgs_generate_messages_nodejs
[  0%] Built target control_toolbox_generate_messages_eus
[  0%] Built target trajectory_msgs_generate_messages_lisp
[  0%] Built target control_toolbox_generate_messages_py
[  0%] Built target trajectory_msgs_generate_messages_cpp
[ 33%] Built target simble_box_bot_gencfg
[ 33%] Built target control_msgs_generate_messages_cpp
[ 33%] Built target control_msgs_generate_messages_py
[ 33%] Built target std_msgs_generate_messages_nodejs
[ 33%] Built target control_toolbox_generate_messages_lisp
[ 33%] Built target std_msgs_generate_messages_py
[ 33%] Built target actionlib_msgs_generate_messages_py
[ 33%] Built target std_msgs_generate_messages_cpp
[ 33%] Built target actionlib_generate_messages_cpp
[ 33%] Built target geometry_msgs_generate_messages_eus
[ 33%] Built target actionlib_generate_messages_lisp
[ 33%] Built target roscpp_generate_messages_lisp
[ 33%] Built target control_toolbox_generate_messages_nodejs
[ 33%] Built target sensor_msgs_generate_messages_cpp
[ 33%] Built target rosgraph_msgs_generate_messages_nodejs
[ 33%] Built target std_msgs_generate_messages_lisp
[ 33%] Built target rosgraph_msgs_generate_messages_lisp
[ 33%] Built target dynamic_reconfigure_generate_messages_py
[ 33%] Built target tf_generate_messages_eus
[ 33%] Built target roscpp_generate_messages_cpp
[ 33%] Built target actionlib_msgs_generate_messages_eus
[ 33%] Built target control_msgs_generate_messages_nodejs
[ 33%] Built target control_toolbox_gencfg
[ 33%] Built target control_msgs_generate_messages_lisp
[ 33%] Built target sensor_msgs_generate_messages_lisp
[ 33%] Built target sensor_msgs_generate_messages_nodejs
[ 33%] Built target rosgraph_msgs_generate_messages_py
[ 33%] Built target tf2_msgs_generate_messages_eus
[ 33%] Built target dynamic_reconfigure_generate_messages_nodejs
[ 33%] Built target sensor_msgs_generate_messages_eus
[ 33%] Built target roscpp_generate_messages_eus
[ 33%] Built target tf2_msgs_generate_messages_py
[ 33%] Built target sensor_msgs_generate_messages_py
[ 33%] Built target geometry_msgs_generate_messages_cpp
[ 33%] Built target geometry_msgs_generate_messages_py
[ 33%] Built target control_msgs_generate_messages_eus
[ 33%] Built target geometry_msgs_generate_messages_lisp
[ 33%] Built target tf_generate_messages_cpp
[ 33%] Built target trajectory_msgs_generate_messages_eus
[ 33%] Built target roscpp_generate_messages_py
[ 33%] Built target tf_generate_messages_lisp
[ 33%] Built target tf_generate_messages_nodejs
[ 33%] Built target rosgraph_msgs_generate_messages_eus
[ 33%] Built target actionlib_generate_messages_py
[ 33%] Built target rosgraph_msgs_generate_messages_cpp
[ 33%] Built target roscpp_generate_messages_nodejs
[ 33%] Built target actionlib_generate_messages_eus
[ 33%] Built target trajectory_msgs_generate_messages_py
[ 33%] Built target dynamic_reconfigure_generate_messages_cpp
[ 33%] Built target actionlib_generate_messages_nodejs
[ 33%] Built target control_toolbox_generate_messages_cpp
[ 33%] Built target actionlib_msgs_generate_messages_cpp
[ 33%] Built target tf_generate_messages_py
[ 33%] Built target std_msgs_generate_messages_eus
[ 33%] Built target actionlib_msgs_generate_messages_nodejs
[ 33%] Built target geometry_msgs_generate_messages_nodejs
[ 33%] Built target tf2_msgs_generate_messages_nodejs
[ 33%] Built target tf2_msgs_generate_messages_cpp
[ 33%] Built target actionlib_msgs_generate_messages_lisp
[ 33%] Built target dynamic_reconfigure_generate_messages_eus
[ 33%] Built target dynamic_reconfigure_gencfg
[ 33%] Built target tf2_msgs_generate_messages_lisp
[ 33%] Built target dynamic_reconfigure_generate_messages_lisp
[35m[1mScanning dependencies of target balance_controller[0m
[ 66%] [32mBuilding CXX object CMakeFiles/balance_controller.dir/src/balance_controller.cpp.o[0m
[100%] [32m[1mLinking CXX shared library /home/abscissa/learn-together/hzb/task/balance/balance_car_ws/devel/.private/simble_box_bot/lib/libbalance_controller.so[0m
[100%] Built target balance_controller
