Symlinking /home/abscissa/learn-together/hzb/task/balance/balance_car_ws/devel/lib/libbalance_controller.so
Symlinking /home/abscissa/learn-together/hzb/task/balance/balance_car_ws/devel/lib/python3/dist-packages/simble_box_bot/__init__.py
Symlinking /home/abscissa/learn-together/hzb/task/balance/balance_car_ws/devel/lib/python3/dist-packages/simble_box_bot/cfg/__init__.py
Symlinking /home/abscissa/learn-together/hzb/task/balance/balance_car_ws/devel/lib/python3/dist-packages/simble_box_bot/cfg/BalanceParamConfig.py
Symlinking /home/abscissa/learn-together/hzb/task/balance/balance_car_ws/devel/lib/pkgconfig/simble_box_bot.pc
Symlinking /home/abscissa/learn-together/hzb/task/balance/balance_car_ws/devel/share/simble_box_bot/cmake/simble_box_botConfig-version.cmake
Symlinking /home/abscissa/learn-together/hzb/task/balance/balance_car_ws/devel/share/simble_box_bot/cmake/simble_box_botConfig.cmake
Symlinking /home/abscissa/learn-together/hzb/task/balance/balance_car_ws/devel/share/simble_box_bot/docs/BalanceParamConfig.wikidoc
Symlinking /home/abscissa/learn-together/hzb/task/balance/balance_car_ws/devel/share/simble_box_bot/docs/BalanceParamConfig-usage.dox
Symlinking /home/abscissa/learn-together/hzb/task/balance/balance_car_ws/devel/share/simble_box_bot/docs/BalanceParamConfig.dox
Symlinking /home/abscissa/learn-together/hzb/task/balance/balance_car_ws/devel/include/simble_box_bot/BalanceParamConfig.h
Cleaning: (/home/abscissa/balance_train/devel/.private/simble_box_bot/lib/libbalance_controller.so, /home/abscissa/balance_train/devel/lib/libbalance_controller.so)
Cleaning: (/home/abscissa/balance_train/devel/.private/simble_box_bot/lib/python3/dist-packages/simble_box_bot/__init__.py, /home/abscissa/balance_train/devel/lib/python3/dist-packages/simble_box_bot/__init__.py)
Cleaning: (/home/abscissa/balance_train/devel/.private/simble_box_bot/lib/python3/dist-packages/simble_box_bot/cfg/__init__.py, /home/abscissa/balance_train/devel/lib/python3/dist-packages/simble_box_bot/cfg/__init__.py)
Cleaning: (/home/abscissa/balance_train/devel/.private/simble_box_bot/lib/python3/dist-packages/simble_box_bot/cfg/BalanceParamConfig.py, /home/abscissa/balance_train/devel/lib/python3/dist-packages/simble_box_bot/cfg/BalanceParamConfig.py)
Cleaning: (/home/abscissa/balance_train/devel/.private/simble_box_bot/lib/pkgconfig/simble_box_bot.pc, /home/abscissa/balance_train/devel/lib/pkgconfig/simble_box_bot.pc)
Cleaning: (/home/abscissa/balance_train/devel/.private/simble_box_bot/share/simble_box_bot/cmake/simble_box_botConfig-version.cmake, /home/abscissa/balance_train/devel/share/simble_box_bot/cmake/simble_box_botConfig-version.cmake)
Cleaning: (/home/abscissa/balance_train/devel/.private/simble_box_bot/share/simble_box_bot/cmake/simble_box_botConfig.cmake, /home/abscissa/balance_train/devel/share/simble_box_bot/cmake/simble_box_botConfig.cmake)
Cleaning: (/home/abscissa/balance_train/devel/.private/simble_box_bot/share/simble_box_bot/docs/BalanceParamConfig.wikidoc, /home/abscissa/balance_train/devel/share/simble_box_bot/docs/BalanceParamConfig.wikidoc)
Cleaning: (/home/abscissa/balance_train/devel/.private/simble_box_bot/share/simble_box_bot/docs/BalanceParamConfig-usage.dox, /home/abscissa/balance_train/devel/share/simble_box_bot/docs/BalanceParamConfig-usage.dox)
Cleaning: (/home/abscissa/balance_train/devel/.private/simble_box_bot/share/simble_box_bot/docs/BalanceParamConfig.dox, /home/abscissa/balance_train/devel/share/simble_box_bot/docs/BalanceParamConfig.dox)
Cleaning: (/home/abscissa/balance_train/devel/.private/simble_box_bot/include/simble_box_bot/BalanceParamConfig.h, /home/abscissa/balance_train/devel/include/simble_box_bot/BalanceParamConfig.h)
Unlinking: /home/abscissa/balance_train/devel/lib/libbalance_controller.so
Unlinking: /home/abscissa/balance_train/devel/lib/python3/dist-packages/simble_box_bot/__init__.py
Unlinking: /home/abscissa/balance_train/devel/lib/python3/dist-packages/simble_box_bot/cfg/__init__.py
Unlinking: /home/abscissa/balance_train/devel/lib/python3/dist-packages/simble_box_bot/cfg/BalanceParamConfig.py
Unlinking: /home/abscissa/balance_train/devel/lib/pkgconfig/simble_box_bot.pc
Unlinking: /home/abscissa/balance_train/devel/share/simble_box_bot/cmake/simble_box_botConfig-version.cmake
Unlinking: /home/abscissa/balance_train/devel/share/simble_box_bot/cmake/simble_box_botConfig.cmake
Unlinking: /home/abscissa/balance_train/devel/share/simble_box_bot/docs/BalanceParamConfig.wikidoc
Unlinking: /home/abscissa/balance_train/devel/share/simble_box_bot/docs/BalanceParamConfig-usage.dox
Unlinking: /home/abscissa/balance_train/devel/share/simble_box_bot/docs/BalanceParamConfig.dox
Unlinking: /home/abscissa/balance_train/devel/include/simble_box_bot/BalanceParamConfig.h
