Symlinking /home/abscissa/learn-together/hzb/task/balance/balance_car_ws/devel/./_setup_util.py
Symlinking /home/abscissa/learn-together/hzb/task/balance/balance_car_ws/devel/./setup.fish
Symlinking /home/abscissa/learn-together/hzb/task/balance/balance_car_ws/devel/./setup.sh
Symlinking /home/abscissa/learn-together/hzb/task/balance/balance_car_ws/devel/./setup.bash
Symlinking /home/abscissa/learn-together/hzb/task/balance/balance_car_ws/devel/./local_setup.zsh
Symlinking /home/abscissa/learn-together/hzb/task/balance/balance_car_ws/devel/./setup.zsh
Symlinking /home/abscissa/learn-together/hzb/task/balance/balance_car_ws/devel/./env.sh
Symlinking /home/abscissa/learn-together/hzb/task/balance/balance_car_ws/devel/./local_setup.bash
Symlinking /home/abscissa/learn-together/hzb/task/balance/balance_car_ws/devel/./local_setup.fish
Symlinking /home/abscissa/learn-together/hzb/task/balance/balance_car_ws/devel/./local_setup.sh
Symlinking /home/abscissa/learn-together/hzb/task/balance/balance_car_ws/devel/lib/pkgconfig/catkin_tools_prebuild.pc
Symlinking /home/abscissa/learn-together/hzb/task/balance/balance_car_ws/devel/share/catkin_tools_prebuild/cmake/catkin_tools_prebuildConfig.cmake
Symlinking /home/abscissa/learn-together/hzb/task/balance/balance_car_ws/devel/share/catkin_tools_prebuild/cmake/catkin_tools_prebuildConfig-version.cmake
Cleaning: (/home/abscissa/balance_train/devel/.private/catkin_tools_prebuild/_setup_util.py, /home/abscissa/balance_train/devel/./_setup_util.py)
Cleaning: (/home/abscissa/balance_train/devel/.private/catkin_tools_prebuild/setup.fish, /home/abscissa/balance_train/devel/./setup.fish)
Cleaning: (/home/abscissa/balance_train/devel/.private/catkin_tools_prebuild/setup.sh, /home/abscissa/balance_train/devel/./setup.sh)
Cleaning: (/home/abscissa/balance_train/devel/.private/catkin_tools_prebuild/setup.bash, /home/abscissa/balance_train/devel/./setup.bash)
Cleaning: (/home/abscissa/balance_train/devel/.private/catkin_tools_prebuild/local_setup.zsh, /home/abscissa/balance_train/devel/./local_setup.zsh)
Cleaning: (/home/abscissa/balance_train/devel/.private/catkin_tools_prebuild/setup.zsh, /home/abscissa/balance_train/devel/./setup.zsh)
Cleaning: (/home/abscissa/balance_train/devel/.private/catkin_tools_prebuild/env.sh, /home/abscissa/balance_train/devel/./env.sh)
Cleaning: (/home/abscissa/balance_train/devel/.private/catkin_tools_prebuild/local_setup.bash, /home/abscissa/balance_train/devel/./local_setup.bash)
Cleaning: (/home/abscissa/balance_train/devel/.private/catkin_tools_prebuild/local_setup.fish, /home/abscissa/balance_train/devel/./local_setup.fish)
Cleaning: (/home/abscissa/balance_train/devel/.private/catkin_tools_prebuild/local_setup.sh, /home/abscissa/balance_train/devel/./local_setup.sh)
Cleaning: (/home/abscissa/balance_train/devel/.private/catkin_tools_prebuild/lib/pkgconfig/catkin_tools_prebuild.pc, /home/abscissa/balance_train/devel/lib/pkgconfig/catkin_tools_prebuild.pc)
Cleaning: (/home/abscissa/balance_train/devel/.private/catkin_tools_prebuild/share/catkin_tools_prebuild/cmake/catkin_tools_prebuildConfig.cmake, /home/abscissa/balance_train/devel/share/catkin_tools_prebuild/cmake/catkin_tools_prebuildConfig.cmake)
Cleaning: (/home/abscissa/balance_train/devel/.private/catkin_tools_prebuild/share/catkin_tools_prebuild/cmake/catkin_tools_prebuildConfig-version.cmake, /home/abscissa/balance_train/devel/share/catkin_tools_prebuild/cmake/catkin_tools_prebuildConfig-version.cmake)
Unlinking: /home/abscissa/balance_train/devel/./_setup_util.py
Unlinking: /home/abscissa/balance_train/devel/./setup.fish
Unlinking: /home/abscissa/balance_train/devel/./setup.sh
Unlinking: /home/abscissa/balance_train/devel/./setup.bash
Unlinking: /home/abscissa/balance_train/devel/./local_setup.zsh
Unlinking: /home/abscissa/balance_train/devel/./setup.zsh
Unlinking: /home/abscissa/balance_train/devel/./env.sh
Unlinking: /home/abscissa/balance_train/devel/./local_setup.bash
Unlinking: /home/abscissa/balance_train/devel/./local_setup.fish
Unlinking: /home/abscissa/balance_train/devel/./local_setup.sh
Unlinking: /home/abscissa/balance_train/devel/lib/pkgconfig/catkin_tools_prebuild.pc
Unlinking: /home/abscissa/balance_train/devel/share/catkin_tools_prebuild/cmake/catkin_tools_prebuildConfig.cmake
Unlinking: /home/abscissa/balance_train/devel/share/catkin_tools_prebuild/cmake/catkin_tools_prebuildConfig-version.cmake
